<?xml version="1.0" encoding="UTF-8"?>
<testng-results ignored="0" total="1" passed="1" failed="0" skipped="0">
  <reporter-output>
  </reporter-output>
  <suite started-at="2026-02-09T09:11:22 IST" name="Failed suite [Default suite]" finished-at="2026-02-09T09:11:24 IST" duration-ms="2029">
    <groups>
    </groups>
    <test started-at="2026-02-09T09:11:22 IST" name="Default test(failed)" finished-at="2026-02-09T09:11:24 IST" duration-ms="2029">
      <class name="com.api.tests.GetProfileRequestTest">
        <test-method signature="getProfileInfo()[pri:0, instance:com.api.tests.GetProfileRequestTest@515aebb0]" started-at="2026-02-09T09:11:22 IST" name="getProfileInfo" finished-at="2026-02-09T09:11:24 IST" duration-ms="1983" status="PASS">
          <reporter-output>
          </reporter-output>
        </test-method> <!-- getProfileInfo -->
      </class> <!-- com.api.tests.GetProfileRequestTest -->
    </test> <!-- Default test(failed) -->
  </suite> <!-- Failed suite [Default suite] -->
</testng-results>
