<?xml version="1.0" encoding="UTF-8"?>
<!-- Generated by org.testng.reporters.JUnitReportReporter -->
<testsuite hostname="DESKTOP-LTNM24G" failures="0" tests="2" name="com.api.tests.UpdateProfileTest" time="1.903" errors="0" timestamp="2026-02-07T18:32:36 IST" skipped="0">
  <testcase classname="com.api.tests.UpdateProfileTest" name="TestListener" time="0.021"/>
  <testcase classname="com.api.tests.UpdateProfileTest" name="UpdateProfile" time="1.882"/>
</testsuite> <!-- com.api.tests.UpdateProfileTest -->
